<?xml version="1.0" encoding="UTF-8"?>
<testsuite name="com.pluralsight.security.TestSign" tests="8" skipped="0" failures="0" errors="0" timestamp="2018-01-15T20:04:48" hostname="achyutdev-G551JW" time="0.045">
  <properties/>
  <testcase name="testLoadPrivateKey" classname="com.pluralsight.security.TestSign" time="0.02"/>
  <testcase name="testVerifyData" classname="com.pluralsight.security.TestSign" time="0.016"/>
  <testcase name="testLoadKeystore" classname="com.pluralsight.security.TestSign" time="0.001"/>
  <testcase name="testParseArgs" classname="com.pluralsight.security.TestSign" time="0.0"/>
  <testcase name="testCreateSignature" classname="com.pluralsight.security.TestSign" time="0.0"/>
  <testcase name="testParseArgsDefaults" classname="com.pluralsight.security.TestSign" time="0.0"/>
  <testcase name="testLoadPrivateKeyInvalidPassword" classname="com.pluralsight.security.TestSign" time="0.001"/>
  <testcase name="testSignData" classname="com.pluralsight.security.TestSign" time="0.006"/>
  <system-out><![CDATA[]]></system-out>
  <system-err><![CDATA[]]></system-err>
</testsuite>
